04.01.2021 04:40:27 sql=[select * from admin] 
05.01.2021 01:22:05 sql=[select * from mvc_product  order by top desc limit 4] 
05.01.2021 01:22:05 Khong the select duoc,ERROR=[Table 'thoitrangnam_framework.mvc_product' doesn't exist] 
05.01.2021 01:22:05 COUNT=[0] 
05.01.2021 01:22:05 sql=[select * from mvc_category where pid =0  and top > 0] 
05.01.2021 01:22:05 Khong the select duoc,ERROR=[Table 'thoitrangnam_framework.mvc_category' doesn't exist] 
05.01.2021 01:22:05 COUNT=[0] 
05.01.2021 01:22:05 sql=[select * from mvc_category where home > 0] 
05.01.2021 01:22:05 Khong the select duoc,ERROR=[Table 'thoitrangnam_framework.mvc_category' doesn't exist] 
05.01.2021 01:22:05 COUNT=[0] 
05.01.2021 04:58:22 sql=[SELECT*FROM admin] 
05.01.2021 04:59:26 sql=[SELECT*FROM admin] 
05.01.2021 05:03:34 sql=[SELECT*FROM admin] 
06.01.2021 03:02:00 sql=[select * account where email='Quangloveyou123@gmail.com'] 
06.01.2021 03:02:00 Khong the select duoc,ERROR=[You have an error in your SQL syntax; check the manual that corresponds to your MySQL server version for the right syntax to use near 'account where email='Quangloveyou123@gmail.com'' at line 1] 
06.01.2021 03:02:00 COUNT=[0] 
06.01.2021 03:03:29 sql=[select * account where email='Quangloveyou123@gmail.com'] 
06.01.2021 03:03:29 Khong the select duoc,ERROR=[You have an error in your SQL syntax; check the manual that corresponds to your MySQL server version for the right syntax to use near 'account where email='Quangloveyou123@gmail.com'' at line 1] 
06.01.2021 03:03:29 COUNT=[0] 
06.01.2021 03:04:05 sql=[select * users where email='Quangloveyou123@gmail.com'] 
06.01.2021 03:04:05 Khong the select duoc,ERROR=[You have an error in your SQL syntax; check the manual that corresponds to your MySQL server version for the right syntax to use near 'users where email='Quangloveyou123@gmail.com'' at line 1] 
06.01.2021 03:04:05 COUNT=[0] 
06.01.2021 03:04:12 sql=[select * users where email='Quangloveyou123@gmail.com'] 
06.01.2021 03:04:12 Khong the select duoc,ERROR=[You have an error in your SQL syntax; check the manual that corresponds to your MySQL server version for the right syntax to use near 'users where email='Quangloveyou123@gmail.com'' at line 1] 
06.01.2021 03:04:12 COUNT=[0] 
06.01.2021 03:06:29 sql=[select * users where email='San123@gmail.com'] 
06.01.2021 03:06:29 Khong the select duoc,ERROR=[You have an error in your SQL syntax; check the manual that corresponds to your MySQL server version for the right syntax to use near 'users where email='San123@gmail.com'' at line 1] 
06.01.2021 03:06:29 COUNT=[0] 
06.01.2021 03:07:14 sql=[select * from users where email='San123@gmail.com'] 
06.01.2021 03:08:34 sql=[select * from users where email='San123@gmail.com'] 
06.01.2021 03:08:46 sql=[select * from users where email='San123@gmail.com'] 
06.01.2021 03:12:03 sql=[select * from users where email='San123@gmail.com'] 
06.01.2021 03:12:41 sql=[select * from users where email='San123@gmail.com'] 
06.01.2021 03:14:58 sql=[select * from users where email='Son123@gmail.com'] 
06.01.2021 03:15:40 sql=[select * from users where email='San123@gmail.com'] 
06.01.2021 03:23:38 sql=[select * from users where email='huhui@gmail.com'] 
06.01.2021 03:24:01 sql=[select * from users where email='huhui@gmail.com'] 
06.01.2021 03:26:39 sql=[select * from users where email='huhui@gmail.com'] 
06.01.2021 03:26:46 sql=[select * from users where email='Quangloveyou123@gmail.com'] 
06.01.2021 03:27:32 sql=[select * from users where email='Quangloveyou123@gmail.com'] 
06.01.2021 03:27:42 sql=[select * from users where email='huhui@gmail.com'] 
06.01.2021 03:33:08 sql=[select * from users where email='Quangloveyou123@gmail.com'] 
06.01.2021 03:35:27 sql=[select * from users where email='San123@gmail.com'] 
06.01.2021 03:38:53 sql=[select * from users where email='Quangloveyou123@gmail.com'] 
06.01.2021 03:39:11 sql=[select * from users where email='San123@gmail.com'] 
06.01.2021 03:40:22 sql=[select * from users where email='San123@gmail.com'] 
06.01.2021 03:42:20 sql=[select * from users where email='San123@gmail.com'] 
06.01.2021 03:42:29 sql=[select * from users where email='San123@gmail.com'] 
06.01.2021 03:42:54 sql=[select * from users where email='San123@gmail.com'] 
06.01.2021 03:43:05 sql=[select * from users where email='Quangloveyou123@gmail.com'] 
06.01.2021 03:43:11 sql=[select * from users where email='Son123@gmail.com'] 
06.01.2021 03:44:05 sql=[select * from users where email='San123@gmail.com'] 
06.01.2021 03:44:30 sql=[select * from users where email='San123@gmail.com'] 
06.01.2021 03:44:37 sql=[select * from users where email='San123@gmail.com'] 
06.01.2021 03:45:49 sql=[select * from users where email='San123@gmail.com'] 
06.01.2021 03:45:54 sql=[select * from users where email='San123@gmail.com'] 
06.01.2021 03:46:43 sql=[select * from users where email='San123@gmail.com'] 
06.01.2021 03:46:53 sql=[select * from users where email='Quangloveyou123@gmail.com'] 
06.01.2021 03:47:11 sql=[select * from users where email='San123@gmail.com'] 
06.01.2021 03:51:12 sql=[select * from users where email='San123@gmail.com'] 
06.01.2021 03:55:38 sql=[select * from users where email='San123@gmail.com'] 
06.01.2021 03:57:23 sql=[select * from users where email='San123@gmail.com'] 
06.01.2021 03:58:02 sql=[select * from users where email='San123@gmail.com'] 
06.01.2021 03:58:07 sql=[select * from users where email='San123@gmail.com'] 
06.01.2021 03:59:50 sql=[select * from users where email='San123@gmail.com'] 
06.01.2021 04:00:09 sql=[select * from users where email='San123@gmail.com'] 
06.01.2021 04:00:15 sql=[select * from users where email='San123@gmail.com'] 
06.01.2021 04:27:49 sql=[select * from users where email='San123@gmail.com'] 
06.01.2021 04:27:53 sql=[select * from users where email='San123@gmail.com'] 
07.01.2021 12:38:34 sql=[select * from users where email='San123@gmail.com'] 
07.01.2021 12:57:38 sql=[select * from users where email='San123@gmail.com'] 
07.01.2021 01:10:43 sql=[select * from users where email='Quangloveyou123@gmail.com'] 
07.01.2021 01:45:55 sql=[select * from users where email='San123@gmail.com'] 
07.01.2021 01:48:01 sql=[select * from users where email='San123@gmail.com'] 
07.01.2021 01:48:05 sql=[select * from users where email='San123@gmail.com'] 
07.01.2021 01:48:08 sql=[select * from users where email='San123@gmail.com'] 
07.01.2021 01:48:14 sql=[select * from users where email='Quangloveyou123@gmail.com'] 
07.01.2021 03:30:14 sql=[select email from users where email='San123@gmail.com'] 
07.01.2021 03:31:15 sql=[select * from users where email='Son123@gmail.com'] 
08.01.2021 11:52:17 sql=[SELECT email FROM users WHERE email='San123@gmail.com'] 
08.01.2021 12:00:20 sql=[SELECT email FROM users WHERE email='San123@gmail.com'] 
08.01.2021 12:00:50 sql=[SELECT email FROM users WHERE email='San123@gmail.com'] 
08.01.2021 02:27:20 sql=[select * from users where email='huhui@gmail.com'] 
08.01.2021 02:27:34 sql=[select * from users where email='Quangloveyou123@gmail.com'] 
09.01.2021 03:15:31 sql=[select * from users where email='huhui@gmail.com'] 
09.01.2021 03:15:47 sql=[select * from users where email='San123@gmail.com'] 
10.01.2021 02:07:58 sql=[select * from users where email='Quangloveyou123@gmail.com'] 
10.01.2021 04:35:59 sql=[select * from users where email='Quangloveyou123@gmail.com'] 
11.01.2021 03:14:04 sql=[select * from users where email='huhui@gmail.com'] 
11.01.2021 06:45:13 sql=[select * from users where email='Quangloveyou123@gmail.com'] 
11.01.2021 07:16:58 sql=[select* from category] 
11.01.2021 07:16:58 Khong the select duoc,ERROR=[Table 'thoitrangnam_framework.category' doesn't exist] 
11.01.2021 07:16:58 COUNT=[0] 
11.01.2021 07:18:40 sql=[select* from category] 
11.01.2021 07:18:40 Khong the select duoc,ERROR=[Table 'thoitrangnam_framework.category' doesn't exist] 
11.01.2021 07:18:40 COUNT=[0] 
15.01.2021 04:57:38 sql=[] 
15.01.2021 04:59:13 sql=[] 
15.01.2021 05:00:01 sql=[] 
15.01.2021 05:00:19 sql=[] 
